#
# There is insufficient memory for the Java Runtime Environment to continue.
# Native memory allocation (malloc) failed to allocate 787856 bytes for Chunk::new
# Possible reasons:
#   The system is out of physical RAM or swap space
#   In 32 bit mode, the process size limit was hit
# Possible solutions:
#   Reduce memory load on the system
#   Increase physical memory or swap space
#   Check if swap backing store is full
#   Use 64 bit Java on a 64 bit OS
#   Decrease Java heap size (-Xmx/-Xms)
#   Decrease number of Java threads
#   Decrease Java thread stack sizes (-Xss)
#   Set larger code cache with -XX:ReservedCodeCacheSize=
# This output file may be truncated or incomplete.
#
#  Out of Memory Error (allocation.cpp:390), pid=28148, tid=0x0000000000005ed8
#
# JRE version: Java(TM) SE Runtime Environment (8.0_181-b13) (build 1.8.0_181-b13)
# Java VM: Java HotSpot(TM) 64-Bit Server VM (25.181-b13 mixed mode windows-amd64 compressed oops)
# Failed to write core dump. Minidumps are not enabled by default on client versions of Windows
#

---------------  T H R E A D  ---------------

Current thread (0x000000001a900800):  JavaThread "C2 CompilerThread0" daemon [_thread_in_native, id=24280, stack(0x000000001b030000,0x000000001b130000)]

Stack: [0x000000001b030000,0x000000001b130000]
[error occurred during error reporting (printing stack bounds), id 0xc0000005]

Native frames: (J=compiled Java code, j=interpreted, Vv=VM code, C=native code)


Current CompileTask:
C2:  24160 2155   !   4       sun.misc.URLClassPath$JarLoader::getResource (353 bytes)


---------------  P R O C E S S  ---------------

Java Threads: ( => current thread )
  0x000000001c1d9000 JavaThread "org.eclipse.jetty.server.session.HashSessionManager@686449f9Timer" daemon [_thread_blocked, id=14544, stack(0x000000001ec10000,0x000000001ed10000)]
  0x000000001c472800 JavaThread "qtp624795507-20" [_thread_blocked, id=23656, stack(0x000000001ea10000,0x000000001eb10000)]
  0x000000001c472000 JavaThread "qtp624795507-19" [_thread_blocked, id=22096, stack(0x000000001e910000,0x000000001ea10000)]
  0x000000001d06c000 JavaThread "qtp624795507-18" [_thread_blocked, id=8956, stack(0x000000001e810000,0x000000001e910000)]
  0x000000001d06b000 JavaThread "qtp624795507-17" [_thread_blocked, id=13844, stack(0x000000001e710000,0x000000001e810000)]
  0x000000001cafe000 JavaThread "qtp624795507-16" [_thread_blocked, id=36940, stack(0x000000001e610000,0x000000001e710000)]
  0x000000001cafd000 JavaThread "qtp624795507-15" [_thread_blocked, id=29880, stack(0x000000001e510000,0x000000001e610000)]
  0x000000001caf3800 JavaThread "qtp624795507-14" [_thread_blocked, id=2224, stack(0x000000001e410000,0x000000001e510000)]
  0x000000001caf3000 JavaThread "qtp624795507-13" [_thread_blocked, id=23420, stack(0x000000001e310000,0x000000001e410000)]
  0x000000001a98c800 JavaThread "Service Thread" daemon [_thread_blocked, id=35016, stack(0x000000001b430000,0x000000001b530000)]
  0x000000001a98b800 JavaThread "C1 CompilerThread3" daemon [_thread_blocked, id=8568, stack(0x000000001b330000,0x000000001b430000)]
  0x000000001a989000 JavaThread "C2 CompilerThread2" daemon [_thread_blocked, id=34568, stack(0x000000001b230000,0x000000001b330000)]
  0x000000001a93b000 JavaThread "C2 CompilerThread1" daemon [_thread_blocked, id=17064, stack(0x000000001b130000,0x000000001b230000)]
=>0x000000001a900800 JavaThread "C2 CompilerThread0" daemon [_thread_in_native, id=24280, stack(0x000000001b030000,0x000000001b130000)]
  0x000000001a8ff000 JavaThread "Attach Listener" daemon [_thread_blocked, id=33112, stack(0x000000001af30000,0x000000001b030000)]
  0x000000001a86c000 JavaThread "Signal Dispatcher" daemon [_thread_blocked, id=35072, stack(0x000000001ae30000,0x000000001af30000)]
  0x000000001816b000 JavaThread "Finalizer" daemon [_thread_blocked, id=16088, stack(0x000000001a430000,0x000000001a530000)]
  0x0000000019f50800 JavaThread "Reference Handler" daemon [_thread_blocked, id=19620, stack(0x000000001a330000,0x000000001a430000)]
  0x0000000002fff800 JavaThread "main" [_thread_in_vm, id=11028, stack(0x0000000002ee0000,0x0000000002fe0000)]

Other Threads:
  0x000000001815d000 VMThread [stack: 0x0000000019e30000,0x0000000019f30000] [id=38688]
  0x000000001a9cb800 WatcherThread [stack: 0x000000001b530000,0x000000001b630000] [id=12492]

VM state:not at safepoint (normal execution)

VM Mutex/Monitor currently owned by a thread: None

Heap:
 PSYoungGen      total 132608K, used 45102K [0x00000000d5580000, 0x00000000ddf80000, 0x0000000100000000)
  eden space 125440K, 35% used [0x00000000d5580000,0x00000000d818bb78,0x00000000dd000000)
  from space 7168K, 0% used [0x00000000dd000000,0x00000000dd000000,0x00000000dd700000)
  to   space 5632K, 0% used [0x00000000dd700000,0x00000000dd700000,0x00000000ddc80000)
 ParOldGen       total 36352K, used 11026K [0x0000000080000000, 0x0000000082380000, 0x00000000d5580000)
  object space 36352K, 30% used [0x0000000080000000,0x0000000080ac4970,0x0000000082380000)
 Metaspace       used 23814K, capacity 24258K, committed 24448K, reserved 1071104K
  class space    used 2732K, capacity 2900K, committed 2944K, reserved 1048576K

Card table byte_map: [0x00000000124b0000,0x00000000128c0000] byte_map_base: 0x00000000120b0000

Marking Bits: (ParMarkBitMap*) 0x0000000059822d00
 Begin Bits: [0x0000000013370000, 0x0000000015370000)
 End Bits:   [0x0000000015370000, 0x0000000017370000)

Polling page: 0x0000000001500000

CodeCache: size=245760Kb used=8879Kb max_used=8890Kb free=236880Kb
 bounds [0x00000000030f0000, 0x00000000039b0000, 0x00000000120f0000]
 total_blobs=2838 nmethods=2172 adapters=578
 compilation: enabled

Compilation events (10 events):
Event: 24.047 Thread 0x000000001a98b800 2176       3       groovyjarjarasm.asm.Frame::merge (395 bytes)
Event: 24.049 Thread 0x000000001a98b800 nmethod 2176 0x000000000399dc50 code [0x000000000399dec0, 0x000000000399ec38]
Event: 24.049 Thread 0x000000001a98b800 2177       3       groovyjarjarasm.asm.Frame::pop (53 bytes)
Event: 24.050 Thread 0x000000001a98b800 nmethod 2177 0x000000000399d350 code [0x000000000399d520, 0x000000000399da08]
Event: 24.068 Thread 0x000000001a98b800 2178       1       java.beans.WeakIdentityMap$Entry::access$100 (5 bytes)
Event: 24.068 Thread 0x000000001a98b800 nmethod 2178 0x000000000399d090 code [0x000000000399d1e0, 0x000000000399d2d0]
Event: 24.089 Thread 0x000000001a98b800 2179       3       sun.reflect.generics.reflectiveObjects.WildcardTypeImpl::getUpperBounds (72 bytes)
Event: 24.091 Thread 0x000000001a98b800 nmethod 2179 0x000000000399bfd0 code [0x000000000399c1c0, 0x000000000399cc38]
Event: 24.098 Thread 0x000000001a989000 2180       4       java.util.jar.JarFile::getJarEntry (9 bytes)
Event: 24.103 Thread 0x000000001a989000 nmethod 2180 0x000000000399a610 code [0x000000000399a760, 0x000000000399a988]

GC Heap History (10 events):
Event: 7.394 GC heap before
{Heap before GC invocations=4 (full 0):
 PSYoungGen      total 34304K, used 34279K [0x00000000d5580000, 0x00000000d9880000, 0x0000000100000000)
  eden space 31744K, 100% used [0x00000000d5580000,0x00000000d7480000,0x00000000d7480000)
  from space 2560K, 99% used [0x00000000d7480000,0x00000000d76f9c58,0x00000000d7700000)
  to   space 2560K, 0% used [0x00000000d9600000,0x00000000d9600000,0x00000000d9880000)
 ParOldGen       total 42496K, used 2826K [0x0000000080000000, 0x0000000082980000, 0x00000000d5580000)
  object space 42496K, 6% used [0x0000000080000000,0x00000000802c29d8,0x0000000082980000)
 Metaspace       used 10251K, capacity 10390K, committed 10752K, reserved 1058816K
  class space    used 1145K, capacity 1209K, committed 1280K, reserved 1048576K
Event: 7.429 GC heap after
Heap after GC invocations=4 (full 0):
 PSYoungGen      total 66048K, used 2536K [0x00000000d5580000, 0x00000000d9880000, 0x0000000100000000)
  eden space 63488K, 0% used [0x00000000d5580000,0x00000000d5580000,0x00000000d9380000)
  from space 2560K, 99% used [0x00000000d9600000,0x00000000d987a0c0,0x00000000d9880000)
  to   space 2560K, 0% used [0x00000000d9380000,0x00000000d9380000,0x00000000d9600000)
 ParOldGen       total 42496K, used 4456K [0x0000000080000000, 0x0000000082980000, 0x00000000d5580000)
  object space 42496K, 10% used [0x0000000080000000,0x000000008045a3d8,0x0000000082980000)
 Metaspace       used 10251K, capacity 10390K, committed 10752K, reserved 1058816K
  class space    used 1145K, capacity 1209K, committed 1280K, reserved 1048576K
}
Event: 10.187 GC heap before
{Heap before GC invocations=5 (full 0):
 PSYoungGen      total 66048K, used 66024K [0x00000000d5580000, 0x00000000d9880000, 0x0000000100000000)
  eden space 63488K, 100% used [0x00000000d5580000,0x00000000d9380000,0x00000000d9380000)
  from space 2560K, 99% used [0x00000000d9600000,0x00000000d987a0c0,0x00000000d9880000)
  to   space 2560K, 0% used [0x00000000d9380000,0x00000000d9380000,0x00000000d9600000)
 ParOldGen       total 42496K, used 4456K [0x0000000080000000, 0x0000000082980000, 0x00000000d5580000)
  object space 42496K, 10% used [0x0000000080000000,0x000000008045a3d8,0x0000000082980000)
 Metaspace       used 12438K, capacity 12626K, committed 12928K, reserved 1060864K
  class space    used 1294K, capacity 1376K, committed 1408K, reserved 1048576K
Event: 10.199 GC heap after
Heap after GC invocations=5 (full 0):
 PSYoungGen      total 66048K, used 2544K [0x00000000d5580000, 0x00000000ddc80000, 0x0000000100000000)
  eden space 63488K, 0% used [0x00000000d5580000,0x00000000d5580000,0x00000000d9380000)
  from space 2560K, 99% used [0x00000000d9380000,0x00000000d95fc010,0x00000000d9600000)
  to   space 5632K, 0% used [0x00000000dd700000,0x00000000dd700000,0x00000000ddc80000)
 ParOldGen       total 42496K, used 6373K [0x0000000080000000, 0x0000000082980000, 0x00000000d5580000)
  object space 42496K, 14% used [0x0000000080000000,0x0000000080639460,0x0000000082980000)
 Metaspace       used 12438K, capacity 12626K, committed 12928K, reserved 1060864K
  class space    used 1294K, capacity 1376K, committed 1408K, reserved 1048576K
}
Event: 14.844 GC heap before
{Heap before GC invocations=6 (full 0):
 PSYoungGen      total 66048K, used 66032K [0x00000000d5580000, 0x00000000ddc80000, 0x0000000100000000)
  eden space 63488K, 100% used [0x00000000d5580000,0x00000000d9380000,0x00000000d9380000)
  from space 2560K, 99% used [0x00000000d9380000,0x00000000d95fc010,0x00000000d9600000)
  to   space 5632K, 0% used [0x00000000dd700000,0x00000000dd700000,0x00000000ddc80000)
 ParOldGen       total 42496K, used 6373K [0x0000000080000000, 0x0000000082980000, 0x00000000d5580000)
  object space 42496K, 14% used [0x0000000080000000,0x0000000080639460,0x0000000082980000)
 Metaspace       used 17441K, capacity 17638K, committed 17920K, reserved 1064960K
  class space    used 1903K, capacity 2006K, committed 2048K, reserved 1048576K
Event: 14.886 GC heap after
Heap after GC invocations=6 (full 0):
 PSYoungGen      total 131072K, used 5619K [0x00000000d5580000, 0x00000000ddf80000, 0x0000000100000000)
  eden space 125440K, 0% used [0x00000000d5580000,0x00000000d5580000,0x00000000dd000000)
  from space 5632K, 99% used [0x00000000dd700000,0x00000000ddc7cea0,0x00000000ddc80000)
  to   space 7168K, 0% used [0x00000000dd000000,0x00000000dd000000,0x00000000dd700000)
 ParOldGen       total 42496K, used 7647K [0x0000000080000000, 0x0000000082980000, 0x00000000d5580000)
  object space 42496K, 17% used [0x0000000080000000,0x0000000080777dc8,0x0000000082980000)
 Metaspace       used 17441K, capacity 17638K, committed 17920K, reserved 1064960K
  class space    used 1903K, capacity 2006K, committed 2048K, reserved 1048576K
}
Event: 19.219 GC heap before
{Heap before GC invocations=7 (full 0):
 PSYoungGen      total 131072K, used 63155K [0x00000000d5580000, 0x00000000ddf80000, 0x0000000100000000)
  eden space 125440K, 45% used [0x00000000d5580000,0x00000000d8daff08,0x00000000dd000000)
  from space 5632K, 99% used [0x00000000dd700000,0x00000000ddc7cea0,0x00000000ddc80000)
  to   space 7168K, 0% used [0x00000000dd000000,0x00000000dd000000,0x00000000dd700000)
 ParOldGen       total 42496K, used 7647K [0x0000000080000000, 0x0000000082980000, 0x00000000d5580000)
  object space 42496K, 17% used [0x0000000080000000,0x0000000080777dc8,0x0000000082980000)
 Metaspace       used 20909K, capacity 21160K, committed 21296K, reserved 1069056K
  class space    used 2338K, capacity 2431K, committed 2432K, reserved 1048576K
Event: 19.246 GC heap after
Heap after GC invocations=7 (full 0):
 PSYoungGen      total 132608K, used 7112K [0x00000000d5580000, 0x00000000ddf80000, 0x0000000100000000)
  eden space 125440K, 0% used [0x00000000d5580000,0x00000000d5580000,0x00000000dd000000)
  from space 7168K, 99% used [0x00000000dd000000,0x00000000dd6f22a8,0x00000000dd700000)
  to   space 5632K, 0% used [0x00000000dd700000,0x00000000dd700000,0x00000000ddc80000)
 ParOldGen       total 42496K, used 8638K [0x0000000080000000, 0x0000000082980000, 0x00000000d5580000)
  object space 42496K, 20% used [0x0000000080000000,0x000000008086f8f8,0x0000000082980000)
 Metaspace       used 20909K, capacity 21160K, committed 21296K, reserved 1069056K
  class space    used 2338K, capacity 2431K, committed 2432K, reserved 1048576K
}
Event: 19.246 GC heap before
{Heap before GC invocations=8 (full 1):
 PSYoungGen      total 132608K, used 7112K [0x00000000d5580000, 0x00000000ddf80000, 0x0000000100000000)
  eden space 125440K, 0% used [0x00000000d5580000,0x00000000d5580000,0x00000000dd000000)
  from space 7168K, 99% used [0x00000000dd000000,0x00000000dd6f22a8,0x00000000dd700000)
  to   space 5632K, 0% used [0x00000000dd700000,0x00000000dd700000,0x00000000ddc80000)
 ParOldGen       total 42496K, used 8638K [0x0000000080000000, 0x0000000082980000, 0x00000000d5580000)
  object space 42496K, 20% used [0x0000000080000000,0x000000008086f8f8,0x0000000082980000)
 Metaspace       used 20909K, capacity 21160K, committed 21296K, reserved 1069056K
  class space    used 2338K, capacity 2431K, committed 2432K, reserved 1048576K
Event: 19.427 GC heap after
Heap after GC invocations=8 (full 1):
 PSYoungGen      total 132608K, used 0K [0x00000000d5580000, 0x00000000ddf80000, 0x0000000100000000)
  eden space 125440K, 0% used [0x00000000d5580000,0x00000000d5580000,0x00000000dd000000)
  from space 7168K, 0% used [0x00000000dd000000,0x00000000dd000000,0x00000000dd700000)
  to   space 5632K, 0% used [0x00000000dd700000,0x00000000dd700000,0x00000000ddc80000)
 ParOldGen       total 36352K, used 11026K [0x0000000080000000, 0x0000000082380000, 0x00000000d5580000)
  object space 36352K, 30% used [0x0000000080000000,0x0000000080ac4970,0x0000000082380000)
 Metaspace       used 20909K, capacity 21160K, committed 21296K, reserved 1069056K
  class space    used 2338K, capacity 2431K, committed 2432K, reserved 1048576K
}

Deoptimization events (10 events):
Event: 21.378 Thread 0x0000000002fff800 Uncommon trap: reason=class_check action=maybe_recompile pc=0x00000000034f2c9c method=java.util.HashMap.putVal(ILjava/lang/Object;Ljava/lang/Object;ZZ)Ljava/lang/Object; @ 203
Event: 21.454 Thread 0x0000000002fff800 Uncommon trap: reason=unstable_if action=reinterpret pc=0x000000000389e35c method=java.util.regex.Pattern$BmpCharProperty.match(Ljava/util/regex/Matcher;ILjava/lang/CharSequence;)Z @ 5
Event: 22.013 Thread 0x0000000002fff800 Uncommon trap: reason=unstable_if action=reinterpret pc=0x00000000032d3800 method=java.io.WinNTFileSystem.normalize(Ljava/lang/String;)Ljava/lang/String; @ 128
Event: 22.014 Thread 0x0000000002fff800 Uncommon trap: reason=unstable_if action=reinterpret pc=0x00000000032d75e4 method=java.io.WinNTFileSystem.normalize(Ljava/lang/String;II)Ljava/lang/String; @ 8
Event: 22.050 Thread 0x0000000002fff800 Uncommon trap: reason=unstable_if action=reinterpret pc=0x00000000036a9114 method=java.math.BigInteger.addOne([IIII)I @ 55
Event: 22.094 Thread 0x0000000002fff800 Uncommon trap: reason=class_check action=maybe_recompile pc=0x0000000003329d80 method=java.util.jar.JarFile.getJarEntry(Ljava/lang/String;)Ljava/util/jar/JarEntry; @ 2
Event: 22.100 Thread 0x0000000002fff800 Uncommon trap: reason=class_check action=maybe_recompile pc=0x0000000003329d80 method=java.util.jar.JarFile.getJarEntry(Ljava/lang/String;)Ljava/util/jar/JarEntry; @ 2
Event: 22.100 Thread 0x0000000002fff800 Uncommon trap: reason=class_check action=maybe_recompile pc=0x0000000003329d80 method=java.util.jar.JarFile.getJarEntry(Ljava/lang/String;)Ljava/util/jar/JarEntry; @ 2
Event: 22.100 Thread 0x0000000002fff800 Uncommon trap: reason=class_check action=maybe_recompile pc=0x0000000003329d80 method=java.util.jar.JarFile.getJarEntry(Ljava/lang/String;)Ljava/util/jar/JarEntry; @ 2
Event: 23.556 Thread 0x0000000002fff800 Uncommon trap: reason=unstable_if action=reinterpret pc=0x00000000038dd368 method=java.util.regex.Pattern$BmpCharProperty.match(Ljava/util/regex/Matcher;ILjava/lang/CharSequence;)Z @ 34

Classes redefined (0 events):
No events

Internal exceptions (10 events):
Event: 23.832 Thread 0x0000000002fff800 Exception <a 'java/lang/ClassNotFoundException': java/lang/StringCustomizer> (0x00000000d7a0fd50) thrown at [C:\re\workspace\8-2-build-windows-amd64-cygwin\jdk8u181\11358\hotspot\src\share\vm\classfile\systemDictionary.cpp, line 210]
Event: 23.935 Thread 0x0000000002fff800 Exception <a 'java/lang/ClassNotFoundException': org/codehaus/groovy/ast/builder/AstStringCompilerBeanInfo> (0x00000000d7b6d268) thrown at [C:\re\workspace\8-2-build-windows-amd64-cygwin\jdk8u181\11358\hotspot\src\share\vm\classfile\systemDictionary.cpp, 
Event: 23.945 Thread 0x0000000002fff800 Exception <a 'java/lang/ClassNotFoundException': org/codehaus/groovy/ast/builder/AstStringCompilerCustomizer> (0x00000000d7c3d4b0) thrown at [C:\re\workspace\8-2-build-windows-amd64-cygwin\jdk8u181\11358\hotspot\src\share\vm\classfile\systemDictionary.cpp
Event: 24.018 Thread 0x0000000002fff800 Exception <a 'java/lang/ClassNotFoundException': groovy/lang/ReferenceBeanInfo> (0x00000000d7d41a18) thrown at [C:\re\workspace\8-2-build-windows-amd64-cygwin\jdk8u181\11358\hotspot\src\share\vm\classfile\systemDictionary.cpp, line 210]
Event: 24.025 Thread 0x0000000002fff800 Exception <a 'java/lang/ClassNotFoundException': groovy/lang/ReferenceCustomizer> (0x00000000d7db6db0) thrown at [C:\re\workspace\8-2-build-windows-amd64-cygwin\jdk8u181\11358\hotspot\src\share\vm\classfile\systemDictionary.cpp, line 210]
Event: 24.038 Thread 0x0000000002fff800 Exception <a 'java/lang/ClassNotFoundException': java/lang/SystemBeanInfo> (0x00000000d7e28fd8) thrown at [C:\re\workspace\8-2-build-windows-amd64-cygwin\jdk8u181\11358\hotspot\src\share\vm\classfile\systemDictionary.cpp, line 210]
Event: 24.043 Thread 0x0000000002fff800 Exception <a 'java/lang/ClassNotFoundException': java/lang/SystemCustomizer> (0x00000000d7e6b7f8) thrown at [C:\re\workspace\8-2-build-windows-amd64-cygwin\jdk8u181\11358\hotspot\src\share\vm\classfile\systemDictionary.cpp, line 210]
Event: 24.082 Thread 0x0000000002fff800 Exception <a 'java/lang/ClassNotFoundException': groovy/lang/GroovyClassLoaderBeanInfo> (0x00000000d7f78bd0) thrown at [C:\re\workspace\8-2-build-windows-amd64-cygwin\jdk8u181\11358\hotspot\src\share\vm\classfile\systemDictionary.cpp, line 210]
Event: 24.089 Thread 0x0000000002fff800 Exception <a 'java/lang/ClassNotFoundException': groovy/lang/GroovyClassLoaderCustomizer> (0x00000000d7ffd230) thrown at [C:\re\workspace\8-2-build-windows-amd64-cygwin\jdk8u181\11358\hotspot\src\share\vm\classfile\systemDictionary.cpp, line 210]
Event: 24.099 Thread 0x0000000002fff800 Exception <a 'java/lang/ClassNotFoundException': groovy/lang/GroovyCodeSourceBeanInfo> (0x00000000d80bfc10) thrown at [C:\re\workspace\8-2-build-windows-amd64-cygwin\jdk8u181\11358\hotspot\src\share\vm\classfile\systemDictionary.cpp, line 210]

Events (10 events):
Event: 24.094 loading class groovy/lang/GroovyCodeSourceBeanInfo
Event: 24.094 loading class groovy/lang/GroovyCodeSourceBeanInfo done
Event: 24.096 loading class groovy/lang/GroovyCodeSourceBeanInfo
Event: 24.096 loading class groovy/lang/GroovyCodeSourceBeanInfo done
Event: 24.099 loading class groovy/lang/GroovyCodeSourceBeanInfo
Event: 24.099 loading class groovy/lang/GroovyCodeSourceBeanInfo done
Event: 24.100 loading class groovy/lang/GroovyCodeSourceCustomizer
Event: 24.100 loading class groovy/lang/GroovyCodeSourceCustomizer done
Event: 24.102 loading class groovy/lang/GroovyCodeSourceCustomizer
Event: 24.102 loading class groovy/lang/GroovyCodeSourceCustomizer done


Dynamic libraries:
0x00007ff70ceb0000 - 0x00007ff70cee7000 	C:\Users\user\OneDrive\Desktop\Katalon_Studio_Windows_64-7.9.0\jre\bin\javaw.exe
0x00007ff823110000 - 0x00007ff823306000 	C:\WINDOWS\SYSTEM32\ntdll.dll
0x00007ff8222e0000 - 0x00007ff82239d000 	C:\WINDOWS\System32\KERNEL32.DLL
0x00007ff820d40000 - 0x00007ff821009000 	C:\WINDOWS\System32\KERNELBASE.dll
0x00007ff822e70000 - 0x00007ff822f1c000 	C:\WINDOWS\System32\ADVAPI32.dll
0x00007ff8217f0000 - 0x00007ff82188e000 	C:\WINDOWS\System32\msvcrt.dll
0x00007ff821610000 - 0x00007ff8216ac000 	C:\WINDOWS\System32\sechost.dll
0x00007ff8214e0000 - 0x00007ff82160b000 	C:\WINDOWS\System32\RPCRT4.dll
0x00007ff822a50000 - 0x00007ff822bf0000 	C:\WINDOWS\System32\USER32.dll
0x00007ff820c70000 - 0x00007ff820c92000 	C:\WINDOWS\System32\win32u.dll
0x00007ff822bf0000 - 0x00007ff822c1a000 	C:\WINDOWS\System32\GDI32.dll
0x00007ff820a20000 - 0x00007ff820b2b000 	C:\WINDOWS\System32\gdi32full.dll
0x00007ff820ca0000 - 0x00007ff820d3d000 	C:\WINDOWS\System32\msvcp_win.dll
0x00007ff8208a0000 - 0x00007ff8209a0000 	C:\WINDOWS\System32\ucrtbase.dll
0x00007ff8046b0000 - 0x00007ff80494b000 	C:\WINDOWS\WinSxS\amd64_microsoft.windows.common-controls_6595b64144ccf1df_6.0.19041.746_none_ca02b4b61b8320a4\COMCTL32.dll
0x00007ff822810000 - 0x00007ff822840000 	C:\WINDOWS\System32\IMM32.DLL
0x0000000058d10000 - 0x0000000058de2000 	C:\Users\user\OneDrive\Desktop\Katalon_Studio_Windows_64-7.9.0\jre\bin\msvcr100.dll
0x0000000059000000 - 0x00000000598a2000 	C:\Users\user\OneDrive\Desktop\Katalon_Studio_Windows_64-7.9.0\jre\bin\server\jvm.dll
0x00007ff8216b0000 - 0x00007ff8216b8000 	C:\WINDOWS\System32\PSAPI.DLL
0x00007ff817ae0000 - 0x00007ff817ae9000 	C:\WINDOWS\SYSTEM32\WSOCK32.dll
0x00007ff823060000 - 0x00007ff8230cb000 	C:\WINDOWS\System32\WS2_32.dll
0x00007ff804f40000 - 0x00007ff804f67000 	C:\WINDOWS\SYSTEM32\WINMM.dll
0x00007ff81ae40000 - 0x00007ff81ae4a000 	C:\WINDOWS\SYSTEM32\VERSION.dll
0x000000005aef0000 - 0x000000005aeff000 	C:\Users\user\OneDrive\Desktop\Katalon_Studio_Windows_64-7.9.0\jre\bin\verify.dll
0x0000000059d20000 - 0x0000000059d49000 	C:\Users\user\OneDrive\Desktop\Katalon_Studio_Windows_64-7.9.0\jre\bin\java.dll
0x0000000059d00000 - 0x0000000059d16000 	C:\Users\user\OneDrive\Desktop\Katalon_Studio_Windows_64-7.9.0\jre\bin\zip.dll
0x00007ff821aa0000 - 0x00007ff8221e2000 	C:\WINDOWS\System32\SHELL32.dll
0x00007ff81e690000 - 0x00007ff81ee20000 	C:\WINDOWS\SYSTEM32\windows.storage.dll
0x00007ff821170000 - 0x00007ff8214c6000 	C:\WINDOWS\System32\combase.dll
0x00007ff8202b0000 - 0x00007ff8202dc000 	C:\WINDOWS\SYSTEM32\Wldp.dll
0x00007ff822ca0000 - 0x00007ff822d4e000 	C:\WINDOWS\System32\SHCORE.dll
0x00007ff8229f0000 - 0x00007ff822a45000 	C:\WINDOWS\System32\shlwapi.dll
0x00007ff820780000 - 0x00007ff8207a6000 	C:\WINDOWS\SYSTEM32\profapi.dll
0x0000000059ce0000 - 0x0000000059cfa000 	C:\Users\user\OneDrive\Desktop\Katalon_Studio_Windows_64-7.9.0\jre\bin\net.dll
0x00007ff820030000 - 0x00007ff82009a000 	C:\WINDOWS\system32\mswsock.dll
0x0000000058fe0000 - 0x0000000058ff1000 	C:\Users\user\OneDrive\Desktop\Katalon_Studio_Windows_64-7.9.0\jre\bin\nio.dll
0x0000000058f90000 - 0x0000000058f9d000 	C:\Users\user\OneDrive\Desktop\Katalon_Studio_Windows_64-7.9.0\jre\bin\management.dll
0x0000000058fb0000 - 0x0000000058fd4000 	C:\Users\user\OneDrive\Desktop\Katalon_Studio_Windows_64-7.9.0\jre\bin\sunec.dll
0x00007ff81fcd0000 - 0x00007ff81fd0b000 	C:\WINDOWS\SYSTEM32\IPHLPAPI.DLL
0x00007ff823050000 - 0x00007ff823058000 	C:\WINDOWS\System32\NSI.dll
0x00007ff8186f0000 - 0x00007ff818707000 	C:\WINDOWS\SYSTEM32\dhcpcsvc6.DLL
0x00007ff8198c0000 - 0x00007ff8198dd000 	C:\WINDOWS\SYSTEM32\dhcpcsvc.DLL
0x00007ff81fd10000 - 0x00007ff81fddb000 	C:\WINDOWS\SYSTEM32\DNSAPI.dll
0x00007ff820200000 - 0x00007ff820218000 	C:\WINDOWS\SYSTEM32\CRYPTSP.dll
0x00007ff81f960000 - 0x00007ff81f994000 	C:\WINDOWS\system32\rsaenh.dll
0x00007ff820b90000 - 0x00007ff820bb7000 	C:\WINDOWS\System32\bcrypt.dll
0x00007ff820740000 - 0x00007ff82076e000 	C:\WINDOWS\SYSTEM32\USERENV.dll
0x00007ff8209a0000 - 0x00007ff820a20000 	C:\WINDOWS\System32\bcryptprimitives.dll
0x00007ff820220000 - 0x00007ff82022c000 	C:\WINDOWS\SYSTEM32\CRYPTBASE.dll
0x0000000058fa0000 - 0x0000000058fab000 	C:\Users\user\OneDrive\Desktop\Katalon_Studio_Windows_64-7.9.0\jre\bin\sunmscapi.dll
0x00007ff821010000 - 0x00007ff821166000 	C:\WINDOWS\System32\CRYPT32.dll

VM Arguments:
jvm_args: -Dgroovy.home=C:\Users\user/.groovy -Djava.system.class.loader=groovy.lang.GroovyClassLoader -Xmx2048m -Dfile.encoding=UTF-8 
java_command: org.codehaus.groovy.tools.GroovyStarter --classpath C:\Users\user\OneDrive\Desktop\Katalon_Alumni\bin\keyword;C:\Users\user\OneDrive\Desktop\Katalon_Alumni\Keywords;C:\Users\user\OneDrive\Desktop\Katalon_Alumni\bin\listener;C:\Users\user\OneDrive\Desktop\Katalon_Alumni\Test Listeners;C:\Users\user\OneDrive\Desktop\Katalon_Alumni\bin\lib;C:\Users\user\OneDrive\Desktop\Katalon_Alumni\Libs;C:\Users\user\OneDrive\Desktop\Katalon_Alumni\bin\groovy;C:\Users\user\OneDrive\Desktop\Katalon_Alumni\Include\scripts\groovy;C:\Users\user\OneDrive\Desktop\Katalon_Studio_Windows_64-7.9.0\plugins\com.kms.katalon.core_1.0.0.202101180916.jar;C:\Users\user\OneDrive\Desktop\Katalon_Studio_Windows_64-7.9.0\configuration\resources\lib\aalto-xml-1.0.0.jar;C:\Users\user\OneDrive\Desktop\Katalon_Studio_Windows_64-7.9.0\configuration\resources\lib\aspectjweaver-1.9.1.jar;C:\Users\user\OneDrive\Desktop\Katalon_Studio_Windows_64-7.9.0\configuration\resources\lib\bcpkix-jdk15on-1.64.jar;C:\Users\user\OneDrive\Desktop\Katalon_Studio_Windows_64-7.9.0\configuration\resources\lib\bcprov-jdk15on-1.64.jar;C:\Users\user\OneDrive\Desktop\Katalon_Studio_Windows_64-7.9.0\configuration\resources\lib\browsermob-core-2.1.5.jar;C:\Users\user\OneDrive\Desktop\Katalon_Studio_Windows_64-7.9.0\configuration\resources\lib\cglib-3.2.10.jar;C:\Users\user\OneDrive\Desktop\Katalon_Studio_Windows_64-7.9.0\configuration\resources\lib\commons-codec-1.10.jar;C:\Users\user\OneDrive\Desktop\Katalon_Studio_Windows_64-7.9.0\configuration\resources\lib\commons-collections4-4.1.jar;C:\Users\user\OneDrive\Desktop\Katalon_Studio_Windows_64-7.9.0\configuration\resources\lib\commons-validator-1.6.jar;C:\Users\user\OneDrive\Desktop\Katalon_Studio_Windows_64-7.9.0\configuration\resources\lib\curvesapi-1.04.jar;C:\Users\user\OneDrive\Desktop\Katalon_Studio_Windows_64-7.9.0\configuration\resources\lib\dnsjava-2.1.8.jar;C:\Users\user\OneDrive\Desktop\Katalon_Studio_Windows_64-7.9.0\configuration\resources\lib\java-client
java_class_path (initial): C:\Users\user\OneDrive\Desktop\Katalon_Alumni\bin\keyword;C:\Users\user\OneDrive\Desktop\Katalon_Alumni\bin\listener;C:\Users\user\OneDrive\Desktop\Katalon_Alumni\bin\lib;C:\Users\user\OneDrive\Desktop\Katalon_Alumni\bin\groovy;C:\Users\user\OneDrive\Desktop\Katalon_Alumni\bin;C:\Users\user\OneDrive\Desktop\Katalon_Studio_Windows_64-7.9.0\plugins\com.kms.katalon.core_1.0.0.202101180916.jar;C:\Users\user\OneDrive\Desktop\Katalon_Studio_Windows_64-7.9.0\configuration\resources\lib\aalto-xml-1.0.0.jar;C:\Users\user\OneDrive\Desktop\Katalon_Studio_Windows_64-7.9.0\configuration\resources\lib\aspectjweaver-1.9.1.jar;C:\Users\user\OneDrive\Desktop\Katalon_Studio_Windows_64-7.9.0\configuration\resources\lib\bcpkix-jdk15on-1.64.jar;C:\Users\user\OneDrive\Desktop\Katalon_Studio_Windows_64-7.9.0\configuration\resources\lib\bcprov-jdk15on-1.64.jar;C:\Users\user\OneDrive\Desktop\Katalon_Studio_Windows_64-7.9.0\configuration\resources\lib\browsermob-core-2.1.5.jar;C:\Users\user\OneDrive\Desktop\Katalon_Studio_Windows_64-7.9.0\configuration\resources\lib\cglib-3.2.10.jar;C:\Users\user\OneDrive\Desktop\Katalon_Studio_Windows_64-7.9.0\configuration\resources\lib\commons-codec-1.10.jar;C:\Users\user\OneDrive\Desktop\Katalon_Studio_Windows_64-7.9.0\configuration\resources\lib\commons-collections4-4.1.jar;C:\Users\user\OneDrive\Desktop\Katalon_Studio_Windows_64-7.9.0\configuration\resources\lib\commons-validator-1.6.jar;C:\Users\user\OneDrive\Desktop\Katalon_Studio_Windows_64-7.9.0\configuration\resources\lib\curvesapi-1.04.jar;C:\Users\user\OneDrive\Desktop\Katalon_Studio_Windows_64-7.9.0\configuration\resources\lib\dnsjava-2.1.8.jar;C:\Users\user\OneDrive\Desktop\Katalon_Studio_Windows_64-7.9.0\configuration\resources\lib\java-client-7.0.0.jar;C:\Users\user\OneDrive\Desktop\Katalon_Studio_Windows_64-7.9.0\configuration\resources\lib\jetty-all-9.3.9.M1-uber.jar;C:\Users\user\OneDrive\Desktop\Katalon_Studio_Windows_64-7.9.0\configuration\resources\lib\jna-
Launcher Type: SUN_STANDARD

Environment Variables:
PATH=C:/Users/user/OneDrive/Desktop/Katalon_Studio_Windows_64-7.9.0/jre/bin/server;C:/Users/user/OneDrive/Desktop/Katalon_Studio_Windows_64-7.9.0/jre/bin;C:/Users/user/OneDrive/Desktop/Katalon_Studio_Windows_64-7.9.0/jre/lib/amd64;C:\Windows\system32;C:\Windows;C:\Windows\System32\Wbem;C:\Windows\System32\WindowsPowerShell\v1.0\;C:\Windows\System32\OpenSSH\;C:\Program Files\NVIDIA Corporation\NVIDIA NvDLISR;C:\WINDOWS\system32;C:\WINDOWS;C:\WINDOWS\System32\Wbem;C:\WINDOWS\System32\WindowsPowerShell\v1.0\;C:\WINDOWS\System32\OpenSSH\;C:\Program Files (x86)\NVIDIA Corporation\PhysX\Common;C:\Program Files\nodejs\;C:\Program Files\Git\cmd;C:\AppServ\php7;C:\ProgramData\ComposerSetup\bin;C:\Users\user\AppData\Local\Microsoft\WindowsApps;D:\Microsoft VS Code\bin;C:\Users\user\AppData\Roaming\npm;C:\Program Files\heroku\bin;C:\AppServ\Apache24\bin;C:\AppServ\php7;C:\AppServ\MySQL\bin;C:\Users\user\AppData\Roaming\Composer\vendor\bin;C:\Users\user\OneDrive\Desktop\Katalon_Studio_Windows_64-7.9.0;
USERNAME=user
OS=Windows_NT
PROCESSOR_IDENTIFIER=Intel64 Family 6 Model 126 Stepping 5, GenuineIntel



---------------  S Y S T E M  ---------------

OS: Windows 10.0 , 64 bit Build 19041 (10.0.19041.804)

CPU:total 8 (initial active 8) (4 cores per cpu, 2 threads per core) family 6 model 126 stepping 5, cmov, cx8, fxsr, mmx, sse, sse2, sse3, ssse3, sse4.1, sse4.2, popcnt, avx, avx2, aes, clmul, erms, 3dnowpref, lzcnt, ht, tsc, tscinvbit, bmi1, bmi2, adx

Memory: 4k page, physical 3956192k(27584k free), swap 16014528k(2584k free)

vm_info: Java HotSpot(TM) 64-Bit Server VM (25.181-b13) for windows-amd64 JRE (1.8.0_181-b13), built on Jul  7 2018 04:01:33 by "java_re" with MS VC++ 10.0 (VS2010)

time: Wed Mar 10 00:05:34 2021
elapsed time: 24 seconds (0d 0h 0m 24s)

