#
# There is insufficient memory for the Java Runtime Environment to continue.
# Native memory allocation (malloc) failed to allocate 32744 bytes for ChunkPool::allocate
# Possible reasons:
#   The system is out of physical RAM or swap space
#   In 32 bit mode, the process size limit was hit
# Possible solutions:
#   Reduce memory load on the system
#   Increase physical memory or swap space
#   Check if swap backing store is full
#   Use 64 bit Java on a 64 bit OS
#   Decrease Java heap size (-Xmx/-Xms)
#   Decrease number of Java threads
#   Decrease Java thread stack sizes (-Xss)
#   Set larger code cache with -XX:ReservedCodeCacheSize=
# This output file may be truncated or incomplete.
#
#  Out of Memory Error (allocation.cpp:273), pid=30704, tid=0x0000000000000838
#
# JRE version: Java(TM) SE Runtime Environment (8.0_181-b13) (build 1.8.0_181-b13)
# Java VM: Java HotSpot(TM) 64-Bit Server VM (25.181-b13 mixed mode windows-amd64 compressed oops)
# Failed to write core dump. Minidumps are not enabled by default on client versions of Windows
#

---------------  T H R E A D  ---------------

Current thread (0x000000001a9fd000):  JavaThread "C2 CompilerThread0" daemon [_thread_in_native, id=2104, stack(0x000000001b140000,0x000000001b240000)]

Stack: [0x000000001b140000,0x000000001b240000]
[error occurred during error reporting (printing stack bounds), id 0xc0000005]

Native frames: (J=compiled Java code, j=interpreted, Vv=VM code, C=native code)


Current CompileTask:
C2:  35882 2484   !   4       com.sun.beans.TypeResolver::resolve (274 bytes)


---------------  P R O C E S S  ---------------

Java Threads: ( => current thread )
  0x000000001ab69800 JavaThread "org.eclipse.jetty.server.session.HashSessionManager@2974f221Timer" daemon [_thread_blocked, id=11752, stack(0x000000001ed40000,0x000000001ee40000)]
  0x000000001ab69000 JavaThread "qtp575715826-20" [_thread_blocked, id=32524, stack(0x000000001eb40000,0x000000001ec40000)]
  0x000000001ab6a800 JavaThread "qtp575715826-19" [_thread_blocked, id=11340, stack(0x000000001ea40000,0x000000001eb40000)]
  0x000000001ab68000 JavaThread "qtp575715826-18" [_thread_blocked, id=29548, stack(0x000000001e940000,0x000000001ea40000)]
  0x000000001ab67800 JavaThread "qtp575715826-17" [_thread_blocked, id=13200, stack(0x000000001e840000,0x000000001e940000)]
  0x000000001ab66800 JavaThread "qtp575715826-16" [_thread_blocked, id=38720, stack(0x000000001e740000,0x000000001e840000)]
  0x000000001ab6c000 JavaThread "qtp575715826-15" [_thread_blocked, id=37336, stack(0x000000001e640000,0x000000001e740000)]
  0x000000001ab65000 JavaThread "qtp575715826-14" [_thread_blocked, id=21972, stack(0x000000001e540000,0x000000001e640000)]
  0x000000001cd7a800 JavaThread "qtp575715826-13" [_thread_blocked, id=26500, stack(0x000000001dee0000,0x000000001dfe0000)]
  0x000000001aa9c800 JavaThread "Service Thread" daemon [_thread_blocked, id=23932, stack(0x000000001b540000,0x000000001b640000)]
  0x000000001aa9c000 JavaThread "C1 CompilerThread3" daemon [_thread_blocked, id=34836, stack(0x000000001b440000,0x000000001b540000)]
  0x000000001aa99000 JavaThread "C2 CompilerThread2" daemon [_thread_blocked, id=13368, stack(0x000000001b340000,0x000000001b440000)]
  0x000000001aa50000 JavaThread "C2 CompilerThread1" daemon [_thread_blocked, id=27596, stack(0x000000001b240000,0x000000001b340000)]
=>0x000000001a9fd000 JavaThread "C2 CompilerThread0" daemon [_thread_in_native, id=2104, stack(0x000000001b140000,0x000000001b240000)]
  0x000000001a9fb000 JavaThread "Attach Listener" daemon [_thread_blocked, id=26176, stack(0x000000001b040000,0x000000001b140000)]
  0x000000001a94e800 JavaThread "Signal Dispatcher" daemon [_thread_blocked, id=34504, stack(0x000000001af40000,0x000000001b040000)]
  0x000000001826b000 JavaThread "Finalizer" daemon [_thread_blocked, id=6184, stack(0x000000001a520000,0x000000001a620000)]
  0x000000001a040800 JavaThread "Reference Handler" daemon [_thread_blocked, id=22512, stack(0x000000001a420000,0x000000001a520000)]
  0x00000000030ff800 JavaThread "main" [_thread_in_Java, id=11824, stack(0x0000000002fa0000,0x00000000030a0000)]

Other Threads:
  0x000000001825d000 VMThread [stack: 0x0000000019f20000,0x000000001a020000] [id=9760]
  0x000000001aadb800 WatcherThread [stack: 0x000000001b640000,0x000000001b740000] [id=36248]

VM state:not at safepoint (normal execution)

VM Mutex/Monitor currently owned by a thread: None

Heap:
 PSYoungGen      total 213504K, used 63489K [0x00000000d5580000, 0x00000000e5900000, 0x0000000100000000)
  eden space 206848K, 27% used [0x00000000d5580000,0x00000000d8d0a148,0x00000000e1f80000)
  from space 6656K, 99% used [0x00000000e5280000,0x00000000e58f6390,0x00000000e5900000)
  to   space 8704K, 0% used [0x00000000e4800000,0x00000000e4800000,0x00000000e5080000)
 ParOldGen       total 34304K, used 9943K [0x0000000080000000, 0x0000000082180000, 0x00000000d5580000)
  object space 34304K, 28% used [0x0000000080000000,0x00000000809b5da8,0x0000000082180000)
 Metaspace       used 25075K, capacity 25494K, committed 25856K, reserved 1073152K
  class space    used 2843K, capacity 2986K, committed 3072K, reserved 1048576K

Card table byte_map: [0x00000000125b0000,0x00000000129c0000] byte_map_base: 0x00000000121b0000

Marking Bits: (ParMarkBitMap*) 0x0000000059822d00
 Begin Bits: [0x0000000013470000, 0x0000000015470000)
 End Bits:   [0x0000000015470000, 0x0000000017470000)

Polling page: 0x0000000001330000

CodeCache: size=245760Kb used=9838Kb max_used=9838Kb free=235921Kb
 bounds [0x00000000031f0000, 0x0000000003ba0000, 0x00000000121f0000]
 total_blobs=3064 nmethods=2389 adapters=586
 compilation: enabled

Compilation events (10 events):
Event: 35.723 Thread 0x000000001aa9c000 2530       1       org.codehaus.groovy.ast.expr.ConstantExpression::getConstantName (5 bytes)
Event: 35.723 Thread 0x000000001aa9c000 nmethod 2530 0x0000000003b88f10 code [0x0000000003b89060, 0x0000000003b89170]
Event: 35.724 Thread 0x000000001aa99000 2531       4       java.lang.reflect.Modifier::isPrivate (12 bytes)
Event: 35.724 Thread 0x000000001aa99000 nmethod 2531 0x0000000003478590 code [0x00000000034786c0, 0x0000000003478718]
Event: 35.724 Thread 0x000000001aa9c000 2532       3       groovyjarjarasm.asm.SymbolTable::addConstant (330 bytes)
Event: 35.729 Thread 0x000000001aa9c000 nmethod 2532 0x0000000003b8d1d0 code [0x0000000003b8d740, 0x0000000003b91f58]
Event: 35.729 Thread 0x000000001aa9c000 2533       3       groovyjarjarasm.asm.Type::getArgumentsAndReturnSizes (140 bytes)
Event: 35.731 Thread 0x000000001aa9c000 nmethod 2533 0x0000000003b93150 code [0x0000000003b933a0, 0x0000000003b94318]
Event: 35.731 Thread 0x000000001aa9c000 2534       1       java.io.FilePermission::access$000 (5 bytes)
Event: 35.731 Thread 0x000000001aa9c000 nmethod 2534 0x0000000003b88c50 code [0x0000000003b88da0, 0x0000000003b88e90]

GC Heap History (10 events):
Event: 13.021 GC heap before
{Heap before GC invocations=5 (full 0):
 PSYoungGen      total 66048K, used 66034K [0x00000000d5580000, 0x00000000d9880000, 0x0000000100000000)
  eden space 63488K, 100% used [0x00000000d5580000,0x00000000d9380000,0x00000000d9380000)
  from space 2560K, 99% used [0x00000000d9600000,0x00000000d987c970,0x00000000d9880000)
  to   space 2560K, 0% used [0x00000000d9380000,0x00000000d9380000,0x00000000d9600000)
 ParOldGen       total 42496K, used 4635K [0x0000000080000000, 0x0000000082980000, 0x00000000d5580000)
  object space 42496K, 10% used [0x0000000080000000,0x0000000080486ea8,0x0000000082980000)
 Metaspace       used 12437K, capacity 12626K, committed 12928K, reserved 1060864K
  class space    used 1293K, capacity 1376K, committed 1408K, reserved 1048576K
Event: 13.088 GC heap after
Heap after GC invocations=5 (full 0):
 PSYoungGen      total 66048K, used 2542K [0x00000000d5580000, 0x00000000ddc80000, 0x0000000100000000)
  eden space 63488K, 0% used [0x00000000d5580000,0x00000000d5580000,0x00000000d9380000)
  from space 2560K, 99% used [0x00000000d9380000,0x00000000d95fb950,0x00000000d9600000)
  to   space 5632K, 0% used [0x00000000dd700000,0x00000000dd700000,0x00000000ddc80000)
 ParOldGen       total 42496K, used 6527K [0x0000000080000000, 0x0000000082980000, 0x00000000d5580000)
  object space 42496K, 15% used [0x0000000080000000,0x000000008065fde8,0x0000000082980000)
 Metaspace       used 12437K, capacity 12626K, committed 12928K, reserved 1060864K
  class space    used 1293K, capacity 1376K, committed 1408K, reserved 1048576K
}
Event: 18.460 GC heap before
{Heap before GC invocations=6 (full 0):
 PSYoungGen      total 66048K, used 66030K [0x00000000d5580000, 0x00000000ddc80000, 0x0000000100000000)
  eden space 63488K, 100% used [0x00000000d5580000,0x00000000d9380000,0x00000000d9380000)
  from space 2560K, 99% used [0x00000000d9380000,0x00000000d95fb950,0x00000000d9600000)
  to   space 5632K, 0% used [0x00000000dd700000,0x00000000dd700000,0x00000000ddc80000)
 ParOldGen       total 42496K, used 6527K [0x0000000080000000, 0x0000000082980000, 0x00000000d5580000)
  object space 42496K, 15% used [0x0000000080000000,0x000000008065fde8,0x0000000082980000)
 Metaspace       used 17476K, capacity 17702K, committed 17920K, reserved 1064960K
  class space    used 1909K, capacity 2006K, committed 2048K, reserved 1048576K
Event: 18.509 GC heap after
Heap after GC invocations=6 (full 0):
 PSYoungGen      total 131072K, used 5630K [0x00000000d5580000, 0x00000000ddf80000, 0x0000000100000000)
  eden space 125440K, 0% used [0x00000000d5580000,0x00000000d5580000,0x00000000dd000000)
  from space 5632K, 99% used [0x00000000dd700000,0x00000000ddc7f870,0x00000000ddc80000)
  to   space 7168K, 0% used [0x00000000dd000000,0x00000000dd000000,0x00000000dd700000)
 ParOldGen       total 42496K, used 7895K [0x0000000080000000, 0x0000000082980000, 0x00000000d5580000)
  object space 42496K, 18% used [0x0000000080000000,0x00000000807b5d90,0x0000000082980000)
 Metaspace       used 17476K, capacity 17702K, committed 17920K, reserved 1064960K
  class space    used 1909K, capacity 2006K, committed 2048K, reserved 1048576K
}
Event: 21.597 GC heap before
{Heap before GC invocations=7 (full 0):
 PSYoungGen      total 131072K, used 62924K [0x00000000d5580000, 0x00000000ddf80000, 0x0000000100000000)
  eden space 125440K, 45% used [0x00000000d5580000,0x00000000d8d73978,0x00000000dd000000)
  from space 5632K, 99% used [0x00000000dd700000,0x00000000ddc7f870,0x00000000ddc80000)
  to   space 7168K, 0% used [0x00000000dd000000,0x00000000dd000000,0x00000000dd700000)
 ParOldGen       total 42496K, used 7895K [0x0000000080000000, 0x0000000082980000, 0x00000000d5580000)
  object space 42496K, 18% used [0x0000000080000000,0x00000000807b5d90,0x0000000082980000)
 Metaspace       used 20897K, capacity 21160K, committed 21296K, reserved 1069056K
  class space    used 2340K, capacity 2431K, committed 2432K, reserved 1048576K
Event: 21.636 GC heap after
Heap after GC invocations=7 (full 0):
 PSYoungGen      total 132608K, used 6995K [0x00000000d5580000, 0x00000000e5a80000, 0x0000000100000000)
  eden space 125440K, 0% used [0x00000000d5580000,0x00000000d5580000,0x00000000dd000000)
  from space 7168K, 97% used [0x00000000dd000000,0x00000000dd6d4e20,0x00000000dd700000)
  to   space 8192K, 0% used [0x00000000e5280000,0x00000000e5280000,0x00000000e5a80000)
 ParOldGen       total 42496K, used 8973K [0x0000000080000000, 0x0000000082980000, 0x00000000d5580000)
  object space 42496K, 21% used [0x0000000080000000,0x00000000808c3578,0x0000000082980000)
 Metaspace       used 20897K, capacity 21160K, committed 21296K, reserved 1069056K
  class space    used 2340K, capacity 2431K, committed 2432K, reserved 1048576K
}
Event: 21.636 GC heap before
{Heap before GC invocations=8 (full 1):
 PSYoungGen      total 132608K, used 6995K [0x00000000d5580000, 0x00000000e5a80000, 0x0000000100000000)
  eden space 125440K, 0% used [0x00000000d5580000,0x00000000d5580000,0x00000000dd000000)
  from space 7168K, 97% used [0x00000000dd000000,0x00000000dd6d4e20,0x00000000dd700000)
  to   space 8192K, 0% used [0x00000000e5280000,0x00000000e5280000,0x00000000e5a80000)
 ParOldGen       total 42496K, used 8973K [0x0000000080000000, 0x0000000082980000, 0x00000000d5580000)
  object space 42496K, 21% used [0x0000000080000000,0x00000000808c3578,0x0000000082980000)
 Metaspace       used 20897K, capacity 21160K, committed 21296K, reserved 1069056K
  class space    used 2340K, capacity 2431K, committed 2432K, reserved 1048576K
Event: 21.797 GC heap after
Heap after GC invocations=8 (full 1):
 PSYoungGen      total 132608K, used 0K [0x00000000d5580000, 0x00000000e5a80000, 0x0000000100000000)
  eden space 125440K, 0% used [0x00000000d5580000,0x00000000d5580000,0x00000000dd000000)
  from space 7168K, 0% used [0x00000000dd000000,0x00000000dd000000,0x00000000dd700000)
  to   space 8192K, 0% used [0x00000000e5280000,0x00000000e5280000,0x00000000e5a80000)
 ParOldGen       total 34304K, used 9935K [0x0000000080000000, 0x0000000082180000, 0x00000000d5580000)
  object space 34304K, 28% used [0x0000000080000000,0x00000000809b3da8,0x0000000082180000)
 Metaspace       used 20897K, capacity 21160K, committed 21296K, reserved 1069056K
  class space    used 2340K, capacity 2431K, committed 2432K, reserved 1048576K
}
Event: 33.181 GC heap before
{Heap before GC invocations=9 (full 1):
 PSYoungGen      total 132608K, used 125440K [0x00000000d5580000, 0x00000000e5a80000, 0x0000000100000000)
  eden space 125440K, 100% used [0x00000000d5580000,0x00000000dd000000,0x00000000dd000000)
  from space 7168K, 0% used [0x00000000dd000000,0x00000000dd000000,0x00000000dd700000)
  to   space 8192K, 0% used [0x00000000e5280000,0x00000000e5280000,0x00000000e5a80000)
 ParOldGen       total 34304K, used 9935K [0x0000000080000000, 0x0000000082180000, 0x00000000d5580000)
  object space 34304K, 28% used [0x0000000080000000,0x00000000809b3da8,0x0000000082180000)
 Metaspace       used 24832K, capacity 25228K, committed 25600K, reserved 1071104K
  class space    used 2828K, capacity 2984K, committed 3072K, reserved 1048576K
Event: 33.315 GC heap after
Heap after GC invocations=9 (full 1):
 PSYoungGen      total 213504K, used 6616K [0x00000000d5580000, 0x00000000e5900000, 0x0000000100000000)
  eden space 206848K, 0% used [0x00000000d5580000,0x00000000d5580000,0x00000000e1f80000)
  from space 6656K, 99% used [0x00000000e5280000,0x00000000e58f6390,0x00000000e5900000)
  to   space 8704K, 0% used [0x00000000e4800000,0x00000000e4800000,0x00000000e5080000)
 ParOldGen       total 34304K, used 9943K [0x0000000080000000, 0x0000000082180000, 0x00000000d5580000)
  object space 34304K, 28% used [0x0000000080000000,0x00000000809b5da8,0x0000000082180000)
 Metaspace       used 24832K, capacity 25228K, committed 25600K, reserved 1071104K
  class space    used 2828K, capacity 2984K, committed 3072K, reserved 1048576K
}

Deoptimization events (10 events):
Event: 23.814 Thread 0x00000000030ff800 Uncommon trap: reason=class_check action=maybe_recompile pc=0x000000000343fe74 method=java.util.jar.JarFile.getJarEntry(Ljava/lang/String;)Ljava/util/jar/JarEntry; @ 2
Event: 23.815 Thread 0x00000000030ff800 Uncommon trap: reason=class_check action=maybe_recompile pc=0x000000000343fe74 method=java.util.jar.JarFile.getJarEntry(Ljava/lang/String;)Ljava/util/jar/JarEntry; @ 2
Event: 23.815 Thread 0x00000000030ff800 Uncommon trap: reason=class_check action=maybe_recompile pc=0x000000000343fe74 method=java.util.jar.JarFile.getJarEntry(Ljava/lang/String;)Ljava/util/jar/JarEntry; @ 2
Event: 23.815 Thread 0x00000000030ff800 Uncommon trap: reason=class_check action=maybe_recompile pc=0x000000000343fe74 method=java.util.jar.JarFile.getJarEntry(Ljava/lang/String;)Ljava/util/jar/JarEntry; @ 2
Event: 26.869 Thread 0x00000000030ff800 Uncommon trap: reason=unstable_if action=reinterpret pc=0x00000000039bfee8 method=java.util.regex.Pattern$BmpCharProperty.match(Ljava/util/regex/Matcher;ILjava/lang/CharSequence;)Z @ 34
Event: 27.733 Thread 0x00000000030ff800 Uncommon trap: reason=predicate action=maybe_recompile pc=0x0000000003588820 method=groovyjarjarantlr.InputBuffer.syncConsume()V @ 7
Event: 27.733 Thread 0x00000000030ff800 Uncommon trap: reason=predicate action=maybe_recompile pc=0x000000000357b894 method=groovyjarjarantlr.InputBuffer.syncConsume()V @ 7
Event: 27.733 Thread 0x00000000030ff800 Uncommon trap: reason=predicate action=maybe_recompile pc=0x00000000035837b4 method=groovyjarjarantlr.InputBuffer.syncConsume()V @ 7
Event: 28.172 Thread 0x00000000030ff800 Uncommon trap: reason=unstable_if action=reinterpret pc=0x0000000003868bc0 method=java.lang.Class$MethodArray.addIfNotPresent(Ljava/lang/reflect/Method;)V @ 19
Event: 31.631 Thread 0x00000000030ff800 Uncommon trap: reason=unstable_if action=reinterpret pc=0x0000000003aa68d8 method=sun.misc.URLClassPath$FileLoader.findResource(Ljava/lang/String;Z)Ljava/net/URL; @ 8

Classes redefined (0 events):
No events

Internal exceptions (10 events):
Event: 34.566 Thread 0x00000000030ff800 Exception <a 'java/security/PrivilegedActionException'> (0x00000000d790eaa0) thrown at [C:\re\workspace\8-2-build-windows-amd64-cygwin\jdk8u181\11358\hotspot\src\share\vm\prims\jvm.cpp, line 1435]
Event: 34.566 Thread 0x00000000030ff800 Exception <a 'java/security/PrivilegedActionException'> (0x00000000d790f080) thrown at [C:\re\workspace\8-2-build-windows-amd64-cygwin\jdk8u181\11358\hotspot\src\share\vm\prims\jvm.cpp, line 1435]
Event: 34.568 Thread 0x00000000030ff800 Exception <a 'java/security/PrivilegedActionException'> (0x00000000d7915eb8) thrown at [C:\re\workspace\8-2-build-windows-amd64-cygwin\jdk8u181\11358\hotspot\src\share\vm\prims\jvm.cpp, line 1435]
Event: 34.571 Thread 0x00000000030ff800 Exception <a 'java/security/PrivilegedActionException'> (0x00000000d7916498) thrown at [C:\re\workspace\8-2-build-windows-amd64-cygwin\jdk8u181\11358\hotspot\src\share\vm\prims\jvm.cpp, line 1435]
Event: 35.154 Thread 0x00000000030ff800 Exception <a 'java/lang/ClassNotFoundException': org/codehaus/groovy/runtime/DefaultGroovyMethodsBeanInfo> (0x00000000d7da49b8) thrown at [C:\re\workspace\8-2-build-windows-amd64-cygwin\jdk8u181\11358\hotspot\src\share\vm\classfile\systemDictionary.cpp, l
Event: 35.178 Thread 0x00000000030ff800 Exception <a 'java/lang/ClassNotFoundException': org/codehaus/groovy/runtime/DefaultGroovyMethodsSupportBeanInfo> (0x00000000d7edd6b0) thrown at [C:\re\workspace\8-2-build-windows-amd64-cygwin\jdk8u181\11358\hotspot\src\share\vm\classfile\systemDictionary
Event: 35.217 Thread 0x00000000030ff800 Exception <a 'java/lang/ClassNotFoundException': org/codehaus/groovy/runtime/DefaultGroovyMethodsSupportCustomizer> (0x00000000d8017d40) thrown at [C:\re\workspace\8-2-build-windows-amd64-cygwin\jdk8u181\11358\hotspot\src\share\vm\classfile\systemDictiona
Event: 35.253 Thread 0x00000000030ff800 Exception <a 'java/lang/ClassNotFoundException': org/codehaus/groovy/runtime/DefaultGroovyMethodsCustomizer> (0x00000000d8147e50) thrown at [C:\re\workspace\8-2-build-windows-amd64-cygwin\jdk8u181\11358\hotspot\src\share\vm\classfile\systemDictionary.cpp,
Event: 35.840 Thread 0x00000000030ff800 Exception <a 'java/lang/ClassNotFoundException': Script1615309399143BeanInfo> (0x00000000d88baa40) thrown at [C:\re\workspace\8-2-build-windows-amd64-cygwin\jdk8u181\11358\hotspot\src\share\vm\classfile\systemDictionary.cpp, line 210]
Event: 35.873 Thread 0x00000000030ff800 Exception <a 'java/lang/ClassNotFoundException': Script1615309399143Customizer> (0x00000000d8992e18) thrown at [C:\re\workspace\8-2-build-windows-amd64-cygwin\jdk8u181\11358\hotspot\src\share\vm\classfile\systemDictionary.cpp, line 210]

Events (10 events):
Event: 35.840 loading class Script1615309399143BeanInfo
Event: 35.840 loading class Script1615309399143BeanInfo done
Event: 35.842 loading class Script1615309399143Customizer
Event: 35.842 loading class Script1615309399143Customizer done
Event: 35.853 loading class Script1615309399143Customizer
Event: 35.853 loading class Script1615309399143Customizer done
Event: 35.873 loading class Script1615309399143Customizer
Event: 35.873 loading class Script1615309399143Customizer done
Event: 35.879 loading class groovy/runtime/metaclass/com/kms/katalon/core/ast/TestStepUtilMetaClass
Event: 35.879 loading class groovy/runtime/metaclass/com/kms/katalon/core/ast/TestStepUtilMetaClass done


Dynamic libraries:
0x00007ff70ceb0000 - 0x00007ff70cee7000 	C:\Users\user\OneDrive\Desktop\Katalon_Studio_Windows_64-7.9.0\jre\bin\javaw.exe
0x00007ff823110000 - 0x00007ff823306000 	C:\WINDOWS\SYSTEM32\ntdll.dll
0x00007ff8222e0000 - 0x00007ff82239d000 	C:\WINDOWS\System32\KERNEL32.DLL
0x00007ff820d40000 - 0x00007ff821009000 	C:\WINDOWS\System32\KERNELBASE.dll
0x00007ff822e70000 - 0x00007ff822f1c000 	C:\WINDOWS\System32\ADVAPI32.dll
0x00007ff8217f0000 - 0x00007ff82188e000 	C:\WINDOWS\System32\msvcrt.dll
0x00007ff821610000 - 0x00007ff8216ac000 	C:\WINDOWS\System32\sechost.dll
0x00007ff8214e0000 - 0x00007ff82160b000 	C:\WINDOWS\System32\RPCRT4.dll
0x00007ff822a50000 - 0x00007ff822bf0000 	C:\WINDOWS\System32\USER32.dll
0x00007ff820c70000 - 0x00007ff820c92000 	C:\WINDOWS\System32\win32u.dll
0x00007ff822bf0000 - 0x00007ff822c1a000 	C:\WINDOWS\System32\GDI32.dll
0x00007ff820a20000 - 0x00007ff820b2b000 	C:\WINDOWS\System32\gdi32full.dll
0x00007ff820ca0000 - 0x00007ff820d3d000 	C:\WINDOWS\System32\msvcp_win.dll
0x00007ff8208a0000 - 0x00007ff8209a0000 	C:\WINDOWS\System32\ucrtbase.dll
0x00007ff8046b0000 - 0x00007ff80494b000 	C:\WINDOWS\WinSxS\amd64_microsoft.windows.common-controls_6595b64144ccf1df_6.0.19041.746_none_ca02b4b61b8320a4\COMCTL32.dll
0x00007ff822810000 - 0x00007ff822840000 	C:\WINDOWS\System32\IMM32.DLL
0x0000000058d10000 - 0x0000000058de2000 	C:\Users\user\OneDrive\Desktop\Katalon_Studio_Windows_64-7.9.0\jre\bin\msvcr100.dll
0x0000000059000000 - 0x00000000598a2000 	C:\Users\user\OneDrive\Desktop\Katalon_Studio_Windows_64-7.9.0\jre\bin\server\jvm.dll
0x00007ff8216b0000 - 0x00007ff8216b8000 	C:\WINDOWS\System32\PSAPI.DLL
0x00007ff817ae0000 - 0x00007ff817ae9000 	C:\WINDOWS\SYSTEM32\WSOCK32.dll
0x00007ff823060000 - 0x00007ff8230cb000 	C:\WINDOWS\System32\WS2_32.dll
0x00007ff804f40000 - 0x00007ff804f67000 	C:\WINDOWS\SYSTEM32\WINMM.dll
0x00007ff81ae40000 - 0x00007ff81ae4a000 	C:\WINDOWS\SYSTEM32\VERSION.dll
0x000000005aef0000 - 0x000000005aeff000 	C:\Users\user\OneDrive\Desktop\Katalon_Studio_Windows_64-7.9.0\jre\bin\verify.dll
0x0000000059d20000 - 0x0000000059d49000 	C:\Users\user\OneDrive\Desktop\Katalon_Studio_Windows_64-7.9.0\jre\bin\java.dll
0x0000000059d00000 - 0x0000000059d16000 	C:\Users\user\OneDrive\Desktop\Katalon_Studio_Windows_64-7.9.0\jre\bin\zip.dll
0x00007ff821aa0000 - 0x00007ff8221e2000 	C:\WINDOWS\System32\SHELL32.dll
0x00007ff81e690000 - 0x00007ff81ee20000 	C:\WINDOWS\SYSTEM32\windows.storage.dll
0x00007ff821170000 - 0x00007ff8214c6000 	C:\WINDOWS\System32\combase.dll
0x00007ff8202b0000 - 0x00007ff8202dc000 	C:\WINDOWS\SYSTEM32\Wldp.dll
0x00007ff822ca0000 - 0x00007ff822d4e000 	C:\WINDOWS\System32\SHCORE.dll
0x00007ff8229f0000 - 0x00007ff822a45000 	C:\WINDOWS\System32\shlwapi.dll
0x00007ff820780000 - 0x00007ff8207a6000 	C:\WINDOWS\SYSTEM32\profapi.dll
0x0000000059ce0000 - 0x0000000059cfa000 	C:\Users\user\OneDrive\Desktop\Katalon_Studio_Windows_64-7.9.0\jre\bin\net.dll
0x00007ff820030000 - 0x00007ff82009a000 	C:\WINDOWS\system32\mswsock.dll
0x0000000058fe0000 - 0x0000000058ff1000 	C:\Users\user\OneDrive\Desktop\Katalon_Studio_Windows_64-7.9.0\jre\bin\nio.dll
0x0000000058f90000 - 0x0000000058f9d000 	C:\Users\user\OneDrive\Desktop\Katalon_Studio_Windows_64-7.9.0\jre\bin\management.dll
0x0000000058fb0000 - 0x0000000058fd4000 	C:\Users\user\OneDrive\Desktop\Katalon_Studio_Windows_64-7.9.0\jre\bin\sunec.dll
0x00007ff81fcd0000 - 0x00007ff81fd0b000 	C:\WINDOWS\SYSTEM32\IPHLPAPI.DLL
0x00007ff823050000 - 0x00007ff823058000 	C:\WINDOWS\System32\NSI.dll
0x00007ff8186f0000 - 0x00007ff818707000 	C:\WINDOWS\SYSTEM32\dhcpcsvc6.DLL
0x00007ff8198c0000 - 0x00007ff8198dd000 	C:\WINDOWS\SYSTEM32\dhcpcsvc.DLL
0x00007ff81fd10000 - 0x00007ff81fddb000 	C:\WINDOWS\SYSTEM32\DNSAPI.dll
0x00007ff820200000 - 0x00007ff820218000 	C:\WINDOWS\SYSTEM32\CRYPTSP.dll
0x00007ff81f960000 - 0x00007ff81f994000 	C:\WINDOWS\system32\rsaenh.dll
0x00007ff820b90000 - 0x00007ff820bb7000 	C:\WINDOWS\System32\bcrypt.dll
0x00007ff820740000 - 0x00007ff82076e000 	C:\WINDOWS\SYSTEM32\USERENV.dll
0x00007ff8209a0000 - 0x00007ff820a20000 	C:\WINDOWS\System32\bcryptprimitives.dll
0x00007ff820220000 - 0x00007ff82022c000 	C:\WINDOWS\SYSTEM32\CRYPTBASE.dll
0x0000000058fa0000 - 0x0000000058fab000 	C:\Users\user\OneDrive\Desktop\Katalon_Studio_Windows_64-7.9.0\jre\bin\sunmscapi.dll
0x00007ff821010000 - 0x00007ff821166000 	C:\WINDOWS\System32\CRYPT32.dll

VM Arguments:
jvm_args: -Dgroovy.home=C:\Users\user/.groovy -Djava.system.class.loader=groovy.lang.GroovyClassLoader -Xmx2048m -Dfile.encoding=UTF-8 
java_command: org.codehaus.groovy.tools.GroovyStarter --classpath C:\Users\user\OneDrive\Desktop\Katalon_Alumni\bin\keyword;C:\Users\user\OneDrive\Desktop\Katalon_Alumni\Keywords;C:\Users\user\OneDrive\Desktop\Katalon_Alumni\bin\listener;C:\Users\user\OneDrive\Desktop\Katalon_Alumni\Test Listeners;C:\Users\user\OneDrive\Desktop\Katalon_Alumni\bin\lib;C:\Users\user\OneDrive\Desktop\Katalon_Alumni\Libs;C:\Users\user\OneDrive\Desktop\Katalon_Alumni\bin\groovy;C:\Users\user\OneDrive\Desktop\Katalon_Alumni\Include\scripts\groovy;C:\Users\user\OneDrive\Desktop\Katalon_Studio_Windows_64-7.9.0\plugins\com.kms.katalon.core_1.0.0.202101180916.jar;C:\Users\user\OneDrive\Desktop\Katalon_Studio_Windows_64-7.9.0\configuration\resources\lib\aalto-xml-1.0.0.jar;C:\Users\user\OneDrive\Desktop\Katalon_Studio_Windows_64-7.9.0\configuration\resources\lib\aspectjweaver-1.9.1.jar;C:\Users\user\OneDrive\Desktop\Katalon_Studio_Windows_64-7.9.0\configuration\resources\lib\bcpkix-jdk15on-1.64.jar;C:\Users\user\OneDrive\Desktop\Katalon_Studio_Windows_64-7.9.0\configuration\resources\lib\bcprov-jdk15on-1.64.jar;C:\Users\user\OneDrive\Desktop\Katalon_Studio_Windows_64-7.9.0\configuration\resources\lib\browsermob-core-2.1.5.jar;C:\Users\user\OneDrive\Desktop\Katalon_Studio_Windows_64-7.9.0\configuration\resources\lib\cglib-3.2.10.jar;C:\Users\user\OneDrive\Desktop\Katalon_Studio_Windows_64-7.9.0\configuration\resources\lib\commons-codec-1.10.jar;C:\Users\user\OneDrive\Desktop\Katalon_Studio_Windows_64-7.9.0\configuration\resources\lib\commons-collections4-4.1.jar;C:\Users\user\OneDrive\Desktop\Katalon_Studio_Windows_64-7.9.0\configuration\resources\lib\commons-validator-1.6.jar;C:\Users\user\OneDrive\Desktop\Katalon_Studio_Windows_64-7.9.0\configuration\resources\lib\curvesapi-1.04.jar;C:\Users\user\OneDrive\Desktop\Katalon_Studio_Windows_64-7.9.0\configuration\resources\lib\dnsjava-2.1.8.jar;C:\Users\user\OneDrive\Desktop\Katalon_Studio_Windows_64-7.9.0\configuration\resources\lib\java-client
java_class_path (initial): C:\Users\user\OneDrive\Desktop\Katalon_Alumni\bin\keyword;C:\Users\user\OneDrive\Desktop\Katalon_Alumni\bin\listener;C:\Users\user\OneDrive\Desktop\Katalon_Alumni\bin\lib;C:\Users\user\OneDrive\Desktop\Katalon_Alumni\bin\groovy;C:\Users\user\OneDrive\Desktop\Katalon_Alumni\bin;C:\Users\user\OneDrive\Desktop\Katalon_Studio_Windows_64-7.9.0\plugins\com.kms.katalon.core_1.0.0.202101180916.jar;C:\Users\user\OneDrive\Desktop\Katalon_Studio_Windows_64-7.9.0\configuration\resources\lib\aalto-xml-1.0.0.jar;C:\Users\user\OneDrive\Desktop\Katalon_Studio_Windows_64-7.9.0\configuration\resources\lib\aspectjweaver-1.9.1.jar;C:\Users\user\OneDrive\Desktop\Katalon_Studio_Windows_64-7.9.0\configuration\resources\lib\bcpkix-jdk15on-1.64.jar;C:\Users\user\OneDrive\Desktop\Katalon_Studio_Windows_64-7.9.0\configuration\resources\lib\bcprov-jdk15on-1.64.jar;C:\Users\user\OneDrive\Desktop\Katalon_Studio_Windows_64-7.9.0\configuration\resources\lib\browsermob-core-2.1.5.jar;C:\Users\user\OneDrive\Desktop\Katalon_Studio_Windows_64-7.9.0\configuration\resources\lib\cglib-3.2.10.jar;C:\Users\user\OneDrive\Desktop\Katalon_Studio_Windows_64-7.9.0\configuration\resources\lib\commons-codec-1.10.jar;C:\Users\user\OneDrive\Desktop\Katalon_Studio_Windows_64-7.9.0\configuration\resources\lib\commons-collections4-4.1.jar;C:\Users\user\OneDrive\Desktop\Katalon_Studio_Windows_64-7.9.0\configuration\resources\lib\commons-validator-1.6.jar;C:\Users\user\OneDrive\Desktop\Katalon_Studio_Windows_64-7.9.0\configuration\resources\lib\curvesapi-1.04.jar;C:\Users\user\OneDrive\Desktop\Katalon_Studio_Windows_64-7.9.0\configuration\resources\lib\dnsjava-2.1.8.jar;C:\Users\user\OneDrive\Desktop\Katalon_Studio_Windows_64-7.9.0\configuration\resources\lib\java-client-7.0.0.jar;C:\Users\user\OneDrive\Desktop\Katalon_Studio_Windows_64-7.9.0\configuration\resources\lib\jetty-all-9.3.9.M1-uber.jar;C:\Users\user\OneDrive\Desktop\Katalon_Studio_Windows_64-7.9.0\configuration\resources\lib\jna-
Launcher Type: SUN_STANDARD

Environment Variables:
PATH=C:/Users/user/OneDrive/Desktop/Katalon_Studio_Windows_64-7.9.0/jre/bin/server;C:/Users/user/OneDrive/Desktop/Katalon_Studio_Windows_64-7.9.0/jre/bin;C:/Users/user/OneDrive/Desktop/Katalon_Studio_Windows_64-7.9.0/jre/lib/amd64;C:\Windows\system32;C:\Windows;C:\Windows\System32\Wbem;C:\Windows\System32\WindowsPowerShell\v1.0\;C:\Windows\System32\OpenSSH\;C:\Program Files\NVIDIA Corporation\NVIDIA NvDLISR;C:\WINDOWS\system32;C:\WINDOWS;C:\WINDOWS\System32\Wbem;C:\WINDOWS\System32\WindowsPowerShell\v1.0\;C:\WINDOWS\System32\OpenSSH\;C:\Program Files (x86)\NVIDIA Corporation\PhysX\Common;C:\Program Files\nodejs\;C:\Program Files\Git\cmd;C:\AppServ\php7;C:\ProgramData\ComposerSetup\bin;C:\Users\user\AppData\Local\Microsoft\WindowsApps;D:\Microsoft VS Code\bin;C:\Users\user\AppData\Roaming\npm;C:\Program Files\heroku\bin;C:\AppServ\Apache24\bin;C:\AppServ\php7;C:\AppServ\MySQL\bin;C:\Users\user\AppData\Roaming\Composer\vendor\bin;C:\Users\user\OneDrive\Desktop\Katalon_Studio_Windows_64-7.9.0;
USERNAME=user
OS=Windows_NT
PROCESSOR_IDENTIFIER=Intel64 Family 6 Model 126 Stepping 5, GenuineIntel



---------------  S Y S T E M  ---------------

OS: Windows 10.0 , 64 bit Build 19041 (10.0.19041.804)

CPU:total 8 (initial active 8) (4 cores per cpu, 2 threads per core) family 6 model 126 stepping 5, cmov, cx8, fxsr, mmx, sse, sse2, sse3, ssse3, sse4.1, sse4.2, popcnt, avx, avx2, aes, clmul, erms, 3dnowpref, lzcnt, ht, tsc, tscinvbit, bmi1, bmi2, adx

Memory: 4k page, physical 3956192k(23528k free), swap 16014528k(2600k free)

vm_info: Java HotSpot(TM) 64-Bit Server VM (25.181-b13) for windows-amd64 JRE (1.8.0_181-b13), built on Jul  7 2018 04:01:33 by "java_re" with MS VC++ 10.0 (VS2010)

time: Wed Mar 10 00:05:34 2021
elapsed time: 35 seconds (0d 0h 0m 35s)

